<?xml version="1.0" encoding="UTF-8"?>
<testsuite xmlns:xsi="http://www.w3.org/2001/XMLSchema-instance" xsi:noNamespaceSchemaLocation="https://maven.apache.org/surefire/maven-surefire-plugin/xsd/surefire-test-report.xsd" version="3.0.2" name="com.example.jobApp.backend.BackendApplicationTests" time="8.424" tests="1" errors="0" skipped="0" failures="0">
  <properties>
[...]
</properties>
  <testcase name="contextLoads" classname="com.example.jobApp.backend.BackendApplicationTests" time="0.672">
    <system-out><![CDATA[11:11:55.385 [main] INFO org.springframework.test.context.support.AnnotationConfigContextLoaderUtils -- Could not detect default configuration classes for test class [com.example.jobApp.backend.BackendApplicationTests]: BackendApplicationTests does not declare any static, non-private, non-final, nested classes annotated with @Configuration.
11:11:55.598 [main] INFO org.springframework.boot.test.context.SpringBootTestContextBootstrapper -- Found @SpringBootConfiguration com.example.jobApp.backend.BackendApplication for test class com.example.jobApp.backend.BackendApplicationTests

  .   ____          _            __ _ _
 /\\ / ___'_ __ _ _(_)_ __  __ _ \ \ \ \
( ( )\___ | '_ | '_| | '_ \/ _` | \ \ \ \
 \\/  ___)| |_)| | | | | || (_| |  ) ) ) )
  '  |____| .__|_| |_|_| |_\__, | / / / /
 =========|_|==============|___/=/_/_/_/

 :: Spring Boot ::                (v3.5.4)

2025-08-07T11:11:56.374-04:00  INFO 220 --- [backend] [           main] c.e.j.backend.BackendApplicationTests    : Starting BackendApplicationTests using Java 19.0.1 with PID 220 (started by noedu in C:\Users\noedu\OneDrive\Desktop\job-application-tracker\backend)
2025-08-07T11:11:56.376-04:00  INFO 220 --- [backend] [           main] c.e.j.backend.BackendApplicationTests    : No active profile set, falling back to 1 default profile: "default"
2025-08-07T11:11:57.650-04:00  INFO 220 --- [backend] [           main] .s.d.r.c.RepositoryConfigurationDelegate : Bootstrapping Spring Data JPA repositories in DEFAULT mode.
2025-08-07T11:11:57.752-04:00  INFO 220 --- [backend] [           main] .s.d.r.c.RepositoryConfigurationDelegate : Finished Spring Data repository scanning in 87 ms. Found 2 JPA repository interfaces.
2025-08-07T11:11:58.565-04:00  INFO 220 --- [backend] [           main] o.hibernate.jpa.internal.util.LogHelper  : HHH000204: Processing PersistenceUnitInfo [name: default]
2025-08-07T11:11:58.657-04:00  INFO 220 --- [backend] [           main] org.hibernate.Version                    : HHH000412: Hibernate ORM core version 6.6.22.Final
2025-08-07T11:11:58.728-04:00  INFO 220 --- [backend] [           main] o.h.c.internal.RegionFactoryInitiator    : HHH000026: Second-level cache disabled
2025-08-07T11:11:59.293-04:00  INFO 220 --- [backend] [           main] o.s.o.j.p.SpringPersistenceUnitInfo      : No LoadTimeWeaver setup: ignoring JPA class transformer
2025-08-07T11:11:59.354-04:00  INFO 220 --- [backend] [           main] com.zaxxer.hikari.HikariDataSource       : HikariPool-1 - Starting...
2025-08-07T11:11:59.636-04:00  INFO 220 --- [backend] [           main] com.zaxxer.hikari.pool.HikariPool        : HikariPool-1 - Added connection conn0: url=jdbc:h2:mem:jobApplicationDB user=SA
2025-08-07T11:11:59.639-04:00  INFO 220 --- [backend] [           main] com.zaxxer.hikari.HikariDataSource       : HikariPool-1 - Start completed.
2025-08-07T11:11:59.769-04:00  INFO 220 --- [backend] [           main] org.hibernate.orm.connections.pooling    : HHH10001005: Database info:
	Database JDBC URL [Connecting through datasource 'HikariDataSource (HikariPool-1)']
	Database driver: undefined/unknown
	Database version: 2.3.232
	Autocommit mode: undefined/unknown
	Isolation level: undefined/unknown
	Minimum pool size: undefined/unknown
	Maximum pool size: undefined/unknown
2025-08-07T11:12:01.116-04:00  INFO 220 --- [backend] [           main] o.h.e.t.j.p.i.JtaPlatformInitiator       : HHH000489: No JTA platform available (set 'hibernate.transaction.jta.platform' to enable JTA platform integration)
Hibernate: drop table if exists app_user cascade 
Hibernate: drop table if exists job_application cascade 
Hibernate: create table app_user (id bigint generated by default as identity, email varchar(255), password varchar(255), username varchar(255), primary key (id))
Hibernate: create table job_application (id bigint generated by default as identity, user_id bigint, company varchar(255), date_applied varchar(255), notes varchar(255), status varchar(255), title varchar(255), primary key (id))
Hibernate: alter table if exists job_application add constraint FKc9lj9xkj8qfnmkut31jqek9pm foreign key (user_id) references app_user
2025-08-07T11:12:01.181-04:00  INFO 220 --- [backend] [           main] j.LocalContainerEntityManagerFactoryBean : Initialized JPA EntityManagerFactory for persistence unit 'default'
2025-08-07T11:12:01.803-04:00  WARN 220 --- [backend] [           main] JpaBaseConfiguration$JpaWebConfiguration : spring.jpa.open-in-view is enabled by default. Therefore, database queries may be performed during view rendering. Explicitly configure spring.jpa.open-in-view to disable this warning
2025-08-07T11:12:02.181-04:00  WARN 220 --- [backend] [           main] .s.s.UserDetailsServiceAutoConfiguration : 

Using generated security password: dd98b801-33af-4d3d-97a3-d51a03cfe7a9

This generated password is for development use only. Your security configuration must be updated before running your application in production.

2025-08-07T11:12:02.197-04:00  INFO 220 --- [backend] [           main] r$InitializeUserDetailsManagerConfigurer : Global AuthenticationManager configured with UserDetailsService bean with name inMemoryUserDetailsManager
2025-08-07T11:12:02.676-04:00  INFO 220 --- [backend] [           main] o.s.b.a.h2.H2ConsoleAutoConfiguration    : H2 console available at '/h2-console'. Database available at 'jdbc:h2:mem:jobApplicationDB'
2025-08-07T11:12:02.785-04:00  INFO 220 --- [backend] [           main] c.e.j.backend.BackendApplicationTests    : Started BackendApplicationTests in 6.912 seconds (process running for 8.661)
]]></system-out>
  </testcase>
</testsuite>